Feb 07, 2022 8:45:13 PM de.gurkenlabs.litiengine.DefaultUncaughtExceptionHandler uncaughtException
SEVERE: Game crashed! :(
de.gurkenlabs.litiengine.resources.ResourceLoadException: javax.imageio.IIOException: Can't get input stream from URL!
	at de.gurkenlabs.litiengine.resources.ResourcesContainer.loadResource(ResourcesContainer.java:391)
	at java.base/java.util.concurrent.ConcurrentHashMap.computeIfAbsent(ConcurrentHashMap.java:1708)
	at de.gurkenlabs.litiengine.resources.ResourcesContainer.get(ResourcesContainer.java:273)
	at de.gurkenlabs.litiengine.resources.ResourcesContainer.get(ResourcesContainer.java:207)
	at SortingGui.main(SortingGui.java:19)
	at MainKt.main(Main.kt:6)
Caused by: javax.imageio.IIOException: Can't get input stream from URL!
	at java.desktop/javax.imageio.ImageIO.read(ImageIO.java:1407)
	at de.gurkenlabs.litiengine.resources.Images.load(Images.java:49)
	at de.gurkenlabs.litiengine.resources.Images.load(Images.java:12)
	at de.gurkenlabs.litiengine.resources.ResourcesContainer.loadResource(ResourcesContainer.java:389)
	... 5 more
Caused by: java.io.FileNotFoundException: C:\Users\parke\IdeaProjects\SortingGui\icon.png (The system cannot find the file specified)
	at java.base/java.io.FileInputStream.open0(Native Method)
	at java.base/java.io.FileInputStream.open(FileInputStream.java:211)
	at java.base/java.io.FileInputStream.<init>(FileInputStream.java:153)
	at java.base/java.io.FileInputStream.<init>(FileInputStream.java:108)
	at java.base/sun.net.www.protocol.file.FileURLConnection.connect(FileURLConnection.java:86)
	at java.base/sun.net.www.protocol.file.FileURLConnection.getInputStream(FileURLConnection.java:189)
	at java.base/java.net.URL.openStream(URL.java:1192)
	at java.desktop/javax.imageio.ImageIO.read(ImageIO.java:1405)
	... 8 more

Feb 07, 2022 11:01:47 PM de.gurkenlabs.litiengine.DefaultUncaughtExceptionHandler uncaughtException
SEVERE: Game crashed! :(
de.gurkenlabs.litiengine.resources.ResourceLoadException: javax.imageio.IIOException: Can't get input stream from URL!
	at de.gurkenlabs.litiengine.resources.ResourcesContainer.loadResource(ResourcesContainer.java:391)
	at java.base/java.util.concurrent.ConcurrentHashMap.computeIfAbsent(ConcurrentHashMap.java:1708)
	at de.gurkenlabs.litiengine.resources.ResourcesContainer.get(ResourcesContainer.java:273)
	at de.gurkenlabs.litiengine.resources.ResourcesContainer.get(ResourcesContainer.java:207)
	at SortingGui.main(SortingGui.java:19)
	at MainKt.main(Main.kt:6)
Caused by: javax.imageio.IIOException: Can't get input stream from URL!
	at java.desktop/javax.imageio.ImageIO.read(ImageIO.java:1407)
	at de.gurkenlabs.litiengine.resources.Images.load(Images.java:49)
	at de.gurkenlabs.litiengine.resources.Images.load(Images.java:12)
	at de.gurkenlabs.litiengine.resources.ResourcesContainer.loadResource(ResourcesContainer.java:389)
	... 5 more
Caused by: java.io.FileNotFoundException: C:\Users\parke\IdeaProjects\SortingGui\icon.png (The system cannot find the file specified)
	at java.base/java.io.FileInputStream.open0(Native Method)
	at java.base/java.io.FileInputStream.open(FileInputStream.java:211)
	at java.base/java.io.FileInputStream.<init>(FileInputStream.java:153)
	at java.base/java.io.FileInputStream.<init>(FileInputStream.java:108)
	at java.base/sun.net.www.protocol.file.FileURLConnection.connect(FileURLConnection.java:86)
	at java.base/sun.net.www.protocol.file.FileURLConnection.getInputStream(FileURLConnection.java:189)
	at java.base/java.net.URL.openStream(URL.java:1192)
	at java.desktop/javax.imageio.ImageIO.read(ImageIO.java:1405)
	... 8 more

Feb 07, 2022 11:02:06 PM de.gurkenlabs.litiengine.DefaultUncaughtExceptionHandler uncaughtException
SEVERE: Game crashed! :(
de.gurkenlabs.litiengine.resources.ResourceLoadException: javax.imageio.IIOException: Can't get input stream from URL!
	at de.gurkenlabs.litiengine.resources.ResourcesContainer.loadResource(ResourcesContainer.java:391)
	at java.base/java.util.concurrent.ConcurrentHashMap.computeIfAbsent(ConcurrentHashMap.java:1708)
	at de.gurkenlabs.litiengine.resources.ResourcesContainer.get(ResourcesContainer.java:273)
	at de.gurkenlabs.litiengine.resources.ResourcesContainer.get(ResourcesContainer.java:207)
	at SortingGui.main(SortingGui.java:19)
	at MainKt.main(Main.kt:6)
Caused by: javax.imageio.IIOException: Can't get input stream from URL!
	at java.desktop/javax.imageio.ImageIO.read(ImageIO.java:1407)
	at de.gurkenlabs.litiengine.resources.Images.load(Images.java:49)
	at de.gurkenlabs.litiengine.resources.Images.load(Images.java:12)
	at de.gurkenlabs.litiengine.resources.ResourcesContainer.loadResource(ResourcesContainer.java:389)
	... 5 more
Caused by: java.io.FileNotFoundException: C:\Users\parke\IdeaProjects\SortingGui\icon.png (The system cannot find the file specified)
	at java.base/java.io.FileInputStream.open0(Native Method)
	at java.base/java.io.FileInputStream.open(FileInputStream.java:211)
	at java.base/java.io.FileInputStream.<init>(FileInputStream.java:153)
	at java.base/java.io.FileInputStream.<init>(FileInputStream.java:108)
	at java.base/sun.net.www.protocol.file.FileURLConnection.connect(FileURLConnection.java:86)
	at java.base/sun.net.www.protocol.file.FileURLConnection.getInputStream(FileURLConnection.java:189)
	at java.base/java.net.URL.openStream(URL.java:1192)
	at java.desktop/javax.imageio.ImageIO.read(ImageIO.java:1405)
	... 8 more

Feb 07, 2022 11:02:19 PM de.gurkenlabs.litiengine.DefaultUncaughtExceptionHandler uncaughtException
SEVERE: Game crashed! :(
de.gurkenlabs.litiengine.resources.ResourceLoadException: javax.imageio.IIOException: Can't get input stream from URL!
	at de.gurkenlabs.litiengine.resources.ResourcesContainer.loadResource(ResourcesContainer.java:391)
	at java.base/java.util.concurrent.ConcurrentHashMap.computeIfAbsent(ConcurrentHashMap.java:1708)
	at de.gurkenlabs.litiengine.resources.ResourcesContainer.get(ResourcesContainer.java:273)
	at de.gurkenlabs.litiengine.resources.ResourcesContainer.get(ResourcesContainer.java:207)
	at SortingGui.main(SortingGui.java:20)
	at MainKt.main(Main.kt:6)
Caused by: javax.imageio.IIOException: Can't get input stream from URL!
	at java.desktop/javax.imageio.ImageIO.read(ImageIO.java:1407)
	at de.gurkenlabs.litiengine.resources.Images.load(Images.java:49)
	at de.gurkenlabs.litiengine.resources.Images.load(Images.java:12)
	at de.gurkenlabs.litiengine.resources.ResourcesContainer.loadResource(ResourcesContainer.java:389)
	... 5 more
Caused by: java.io.FileNotFoundException: C:\Users\parke\IdeaProjects\SortingGui\icon.png (The system cannot find the file specified)
	at java.base/java.io.FileInputStream.open0(Native Method)
	at java.base/java.io.FileInputStream.open(FileInputStream.java:211)
	at java.base/java.io.FileInputStream.<init>(FileInputStream.java:153)
	at java.base/java.io.FileInputStream.<init>(FileInputStream.java:108)
	at java.base/sun.net.www.protocol.file.FileURLConnection.connect(FileURLConnection.java:86)
	at java.base/sun.net.www.protocol.file.FileURLConnection.getInputStream(FileURLConnection.java:189)
	at java.base/java.net.URL.openStream(URL.java:1192)
	at java.desktop/javax.imageio.ImageIO.read(ImageIO.java:1405)
	... 8 more

Feb 07, 2022 11:03:11 PM de.gurkenlabs.litiengine.DefaultUncaughtExceptionHandler uncaughtException
SEVERE: Game crashed! :(
de.gurkenlabs.litiengine.resources.ResourceLoadException: javax.imageio.IIOException: Can't get input stream from URL!
	at de.gurkenlabs.litiengine.resources.ResourcesContainer.loadResource(ResourcesContainer.java:391)
	at java.base/java.util.concurrent.ConcurrentHashMap.computeIfAbsent(ConcurrentHashMap.java:1708)
	at de.gurkenlabs.litiengine.resources.ResourcesContainer.get(ResourcesContainer.java:273)
	at de.gurkenlabs.litiengine.resources.ResourcesContainer.get(ResourcesContainer.java:207)
	at SortingGui.main(SortingGui.java:18)
	at MainKt.main(Main.kt:6)
Caused by: javax.imageio.IIOException: Can't get input stream from URL!
	at java.desktop/javax.imageio.ImageIO.read(ImageIO.java:1407)
	at de.gurkenlabs.litiengine.resources.Images.load(Images.java:49)
	at de.gurkenlabs.litiengine.resources.Images.load(Images.java:12)
	at de.gurkenlabs.litiengine.resources.ResourcesContainer.loadResource(ResourcesContainer.java:389)
	... 5 more
Caused by: java.io.FileNotFoundException: C:\Users\parke\IdeaProjects\SortingGui\icon.png (The system cannot find the file specified)
	at java.base/java.io.FileInputStream.open0(Native Method)
	at java.base/java.io.FileInputStream.open(FileInputStream.java:211)
	at java.base/java.io.FileInputStream.<init>(FileInputStream.java:153)
	at java.base/java.io.FileInputStream.<init>(FileInputStream.java:108)
	at java.base/sun.net.www.protocol.file.FileURLConnection.connect(FileURLConnection.java:86)
	at java.base/sun.net.www.protocol.file.FileURLConnection.getInputStream(FileURLConnection.java:189)
	at java.base/java.net.URL.openStream(URL.java:1192)
	at java.desktop/javax.imageio.ImageIO.read(ImageIO.java:1405)
	... 8 more

Feb 07, 2022 11:07:05 PM de.gurkenlabs.litiengine.DefaultUncaughtExceptionHandler uncaughtException
SEVERE: Game crashed! :(
java.lang.NullPointerException
	at java.base/java.util.zip.InflaterInputStream.<init>(InflaterInputStream.java:83)
	at java.base/java.util.zip.GZIPInputStream.<init>(GZIPInputStream.java:77)
	at java.base/java.util.zip.GZIPInputStream.<init>(GZIPInputStream.java:91)
	at de.gurkenlabs.litiengine.resources.ResourceBundle.getResourceBundle(ResourceBundle.java:230)
	at de.gurkenlabs.litiengine.resources.ResourceBundle.load(ResourceBundle.java:88)
	at de.gurkenlabs.litiengine.resources.Resources.load(Resources.java:173)
	at de.gurkenlabs.litiengine.resources.Resources.load(Resources.java:160)
	at SortingGui.main(SortingGui.java:12)
	at MainKt.main(Main.kt:6)

Feb 07, 2022 11:08:00 PM de.gurkenlabs.litiengine.DefaultUncaughtExceptionHandler uncaughtException
SEVERE: Game crashed! :(
java.lang.NullPointerException
	at java.base/java.util.zip.InflaterInputStream.<init>(InflaterInputStream.java:83)
	at java.base/java.util.zip.GZIPInputStream.<init>(GZIPInputStream.java:77)
	at java.base/java.util.zip.GZIPInputStream.<init>(GZIPInputStream.java:91)
	at de.gurkenlabs.litiengine.resources.ResourceBundle.getResourceBundle(ResourceBundle.java:230)
	at de.gurkenlabs.litiengine.resources.ResourceBundle.load(ResourceBundle.java:88)
	at de.gurkenlabs.litiengine.resources.Resources.load(Resources.java:173)
	at de.gurkenlabs.litiengine.resources.Resources.load(Resources.java:160)
	at SortingGui.main(SortingGui.java:12)
	at MainKt.main(Main.kt:6)

Feb 07, 2022 11:08:26 PM de.gurkenlabs.litiengine.DefaultUncaughtExceptionHandler uncaughtException
SEVERE: Game crashed! :(
java.lang.NullPointerException
	at java.base/java.util.zip.InflaterInputStream.<init>(InflaterInputStream.java:83)
	at java.base/java.util.zip.GZIPInputStream.<init>(GZIPInputStream.java:77)
	at java.base/java.util.zip.GZIPInputStream.<init>(GZIPInputStream.java:91)
	at de.gurkenlabs.litiengine.resources.ResourceBundle.getResourceBundle(ResourceBundle.java:230)
	at de.gurkenlabs.litiengine.resources.ResourceBundle.load(ResourceBundle.java:88)
	at de.gurkenlabs.litiengine.resources.Resources.load(Resources.java:173)
	at de.gurkenlabs.litiengine.resources.Resources.load(Resources.java:160)
	at SortingGui.main(SortingGui.java:12)
	at MainKt.main(Main.kt:6)

Feb 07, 2022 11:11:11 PM de.gurkenlabs.litiengine.DefaultUncaughtExceptionHandler uncaughtException
SEVERE: Game crashed! :(
java.lang.NullPointerException
	at java.base/java.util.zip.InflaterInputStream.<init>(InflaterInputStream.java:83)
	at java.base/java.util.zip.GZIPInputStream.<init>(GZIPInputStream.java:77)
	at java.base/java.util.zip.GZIPInputStream.<init>(GZIPInputStream.java:91)
	at de.gurkenlabs.litiengine.resources.ResourceBundle.getResourceBundle(ResourceBundle.java:230)
	at de.gurkenlabs.litiengine.resources.ResourceBundle.load(ResourceBundle.java:88)
	at de.gurkenlabs.litiengine.resources.Resources.load(Resources.java:173)
	at de.gurkenlabs.litiengine.resources.Resources.load(Resources.java:160)
	at SortingGui.main(SortingGui.java:13)
	at MainKt.main(Main.kt:6)

Feb 07, 2022 11:12:40 PM de.gurkenlabs.litiengine.DefaultUncaughtExceptionHandler uncaughtException
SEVERE: Game crashed! :(
java.lang.NullPointerException
	at java.base/java.util.zip.InflaterInputStream.<init>(InflaterInputStream.java:83)
	at java.base/java.util.zip.GZIPInputStream.<init>(GZIPInputStream.java:77)
	at java.base/java.util.zip.GZIPInputStream.<init>(GZIPInputStream.java:91)
	at de.gurkenlabs.litiengine.resources.ResourceBundle.getResourceBundle(ResourceBundle.java:230)
	at de.gurkenlabs.litiengine.resources.ResourceBundle.load(ResourceBundle.java:88)
	at de.gurkenlabs.litiengine.resources.Resources.load(Resources.java:173)
	at de.gurkenlabs.litiengine.resources.Resources.load(Resources.java:160)
	at SortingGui.run(SortingGui.java:13)
	at MainKt.main(Main.kt:6)

Feb 07, 2022 11:13:28 PM de.gurkenlabs.litiengine.environment.tilemap.xml.TmxMap checkVersion
WARNING: Tiled version 1.8.0 of map "gui" is greater than the supported version 1.2.x. Some features may not work.
Feb 07, 2022 11:13:28 PM de.gurkenlabs.litiengine.DefaultUncaughtExceptionHandler uncaughtException
SEVERE: Game crashed! :(
de.gurkenlabs.litiengine.resources.ResourceLoadException: de.gurkenlabs.litiengine.environment.tilemap.xml.TmxException
	at de.gurkenlabs.litiengine.resources.ResourcesContainer.loadResource(ResourcesContainer.java:391)
	at java.base/java.util.concurrent.ConcurrentHashMap.computeIfAbsent(ConcurrentHashMap.java:1708)
	at de.gurkenlabs.litiengine.resources.ResourcesContainer.get(ResourcesContainer.java:273)
	at de.gurkenlabs.litiengine.resources.ResourcesContainer.get(ResourcesContainer.java:207)
	at de.gurkenlabs.litiengine.environment.GameWorld.getEnvironment(GameWorld.java:316)
	at de.gurkenlabs.litiengine.environment.GameWorld.loadEnvironment(GameWorld.java:421)
	at SortingGui.run(SortingGui.java:16)
	at MainKt.main(Main.kt:6)
Caused by: de.gurkenlabs.litiengine.environment.tilemap.xml.TmxException
	at de.gurkenlabs.litiengine.resources.Maps.load(Maps.java:112)
	at de.gurkenlabs.litiengine.resources.Maps.load(Maps.java:32)
	at de.gurkenlabs.litiengine.resources.ResourcesContainer.loadResource(ResourcesContainer.java:389)
	... 7 more
Caused by: javax.xml.bind.UnmarshalException
 - with linked exception:
[java.io.FileNotFoundException: C:\Users\parke\IdeaProjects\SortingGui\MainScreen (The system cannot find the file specified)]
	at com.sun.xml.bind.v2.runtime.unmarshaller.UnmarshallerImpl.unmarshal0(UnmarshallerImpl.java:231)
	at com.sun.xml.bind.v2.runtime.unmarshaller.UnmarshallerImpl.unmarshal(UnmarshallerImpl.java:199)
	at javax.xml.bind.helpers.AbstractUnmarshallerImpl.unmarshal(AbstractUnmarshallerImpl.java:170)
	at javax.xml.bind.helpers.AbstractUnmarshallerImpl.unmarshal(AbstractUnmarshallerImpl.java:175)
	at javax.xml.bind.helpers.AbstractUnmarshallerImpl.unmarshal(AbstractUnmarshallerImpl.java:184)
	at de.gurkenlabs.litiengine.util.io.XmlUtilities.read(XmlUtilities.java:99)
	at de.gurkenlabs.litiengine.resources.Maps.load(Maps.java:110)
	... 9 more
Caused by: java.io.FileNotFoundException: C:\Users\parke\IdeaProjects\SortingGui\MainScreen (The system cannot find the file specified)
	at java.base/java.io.FileInputStream.open0(Native Method)
	at java.base/java.io.FileInputStream.open(FileInputStream.java:211)
	at java.base/java.io.FileInputStream.<init>(FileInputStream.java:153)
	at java.base/java.io.FileInputStream.<init>(FileInputStream.java:108)
	at java.base/sun.net.www.protocol.file.FileURLConnection.connect(FileURLConnection.java:86)
	at java.base/sun.net.www.protocol.file.FileURLConnection.getInputStream(FileURLConnection.java:189)
	at java.xml/com.sun.org.apache.xerces.internal.impl.XMLEntityManager.setupCurrentEntity(XMLEntityManager.java:652)
	at java.xml/com.sun.org.apache.xerces.internal.impl.XMLVersionDetector.determineDocVersion(XMLVersionDetector.java:150)
	at java.xml/com.sun.org.apache.xerces.internal.parsers.XML11Configuration.parse(XML11Configuration.java:860)
	at java.xml/com.sun.org.apache.xerces.internal.parsers.XML11Configuration.parse(XML11Configuration.java:824)
	at java.xml/com.sun.org.apache.xerces.internal.parsers.XMLParser.parse(XMLParser.java:141)
	at java.xml/com.sun.org.apache.xerces.internal.parsers.AbstractSAXParser.parse(AbstractSAXParser.java:1224)
	at java.xml/com.sun.org.apache.xerces.internal.jaxp.SAXParserImpl$JAXPSAXParser.parse(SAXParserImpl.java:635)
	at com.sun.xml.bind.v2.runtime.unmarshaller.UnmarshallerImpl.unmarshal0(UnmarshallerImpl.java:228)
	... 15 more

Feb 07, 2022 11:14:56 PM de.gurkenlabs.litiengine.DefaultUncaughtExceptionHandler uncaughtException
SEVERE: Game crashed! :(
de.gurkenlabs.litiengine.resources.ResourceLoadException: de.gurkenlabs.litiengine.environment.tilemap.xml.TmxException
	at de.gurkenlabs.litiengine.resources.ResourcesContainer.loadResource(ResourcesContainer.java:391)
	at java.base/java.util.concurrent.ConcurrentHashMap.computeIfAbsent(ConcurrentHashMap.java:1708)
	at de.gurkenlabs.litiengine.resources.ResourcesContainer.get(ResourcesContainer.java:273)
	at de.gurkenlabs.litiengine.resources.ResourcesContainer.get(ResourcesContainer.java:207)
	at de.gurkenlabs.litiengine.environment.GameWorld.getEnvironment(GameWorld.java:316)
	at de.gurkenlabs.litiengine.environment.GameWorld.loadEnvironment(GameWorld.java:421)
	at SortingGui.run(SortingGui.java:12)
	at MainKt.main(Main.kt:6)
Caused by: de.gurkenlabs.litiengine.environment.tilemap.xml.TmxException
	at de.gurkenlabs.litiengine.resources.Maps.load(Maps.java:112)
	at de.gurkenlabs.litiengine.resources.Maps.load(Maps.java:32)
	at de.gurkenlabs.litiengine.resources.ResourcesContainer.loadResource(ResourcesContainer.java:389)
	... 7 more
Caused by: javax.xml.bind.UnmarshalException
 - with linked exception:
[java.io.FileNotFoundException: C:\Users\parke\IdeaProjects\SortingGui\MainScreen (The system cannot find the file specified)]
	at com.sun.xml.bind.v2.runtime.unmarshaller.UnmarshallerImpl.unmarshal0(UnmarshallerImpl.java:231)
	at com.sun.xml.bind.v2.runtime.unmarshaller.UnmarshallerImpl.unmarshal(UnmarshallerImpl.java:199)
	at javax.xml.bind.helpers.AbstractUnmarshallerImpl.unmarshal(AbstractUnmarshallerImpl.java:170)
	at javax.xml.bind.helpers.AbstractUnmarshallerImpl.unmarshal(AbstractUnmarshallerImpl.java:175)
	at javax.xml.bind.helpers.AbstractUnmarshallerImpl.unmarshal(AbstractUnmarshallerImpl.java:184)
	at de.gurkenlabs.litiengine.util.io.XmlUtilities.read(XmlUtilities.java:99)
	at de.gurkenlabs.litiengine.resources.Maps.load(Maps.java:110)
	... 9 more
Caused by: java.io.FileNotFoundException: C:\Users\parke\IdeaProjects\SortingGui\MainScreen (The system cannot find the file specified)
	at java.base/java.io.FileInputStream.open0(Native Method)
	at java.base/java.io.FileInputStream.open(FileInputStream.java:211)
	at java.base/java.io.FileInputStream.<init>(FileInputStream.java:153)
	at java.base/java.io.FileInputStream.<init>(FileInputStream.java:108)
	at java.base/sun.net.www.protocol.file.FileURLConnection.connect(FileURLConnection.java:86)
	at java.base/sun.net.www.protocol.file.FileURLConnection.getInputStream(FileURLConnection.java:189)
	at java.xml/com.sun.org.apache.xerces.internal.impl.XMLEntityManager.setupCurrentEntity(XMLEntityManager.java:652)
	at java.xml/com.sun.org.apache.xerces.internal.impl.XMLVersionDetector.determineDocVersion(XMLVersionDetector.java:150)
	at java.xml/com.sun.org.apache.xerces.internal.parsers.XML11Configuration.parse(XML11Configuration.java:860)
	at java.xml/com.sun.org.apache.xerces.internal.parsers.XML11Configuration.parse(XML11Configuration.java:824)
	at java.xml/com.sun.org.apache.xerces.internal.parsers.XMLParser.parse(XMLParser.java:141)
	at java.xml/com.sun.org.apache.xerces.internal.parsers.AbstractSAXParser.parse(AbstractSAXParser.java:1224)
	at java.xml/com.sun.org.apache.xerces.internal.jaxp.SAXParserImpl$JAXPSAXParser.parse(SAXParserImpl.java:635)
	at com.sun.xml.bind.v2.runtime.unmarshaller.UnmarshallerImpl.unmarshal0(UnmarshallerImpl.java:228)
	... 15 more

Feb 07, 2022 11:15:27 PM de.gurkenlabs.litiengine.DefaultUncaughtExceptionHandler uncaughtException
SEVERE: Game crashed! :(
de.gurkenlabs.litiengine.resources.ResourceLoadException: de.gurkenlabs.litiengine.environment.tilemap.xml.TmxException
	at de.gurkenlabs.litiengine.resources.ResourcesContainer.loadResource(ResourcesContainer.java:391)
	at java.base/java.util.concurrent.ConcurrentHashMap.computeIfAbsent(ConcurrentHashMap.java:1708)
	at de.gurkenlabs.litiengine.resources.ResourcesContainer.get(ResourcesContainer.java:273)
	at de.gurkenlabs.litiengine.resources.ResourcesContainer.get(ResourcesContainer.java:207)
	at de.gurkenlabs.litiengine.environment.GameWorld.getEnvironment(GameWorld.java:316)
	at de.gurkenlabs.litiengine.environment.GameWorld.loadEnvironment(GameWorld.java:421)
	at SortingGui.main(SortingGui.java:12)
	at MainKt.main(Main.kt:6)
Caused by: de.gurkenlabs.litiengine.environment.tilemap.xml.TmxException
	at de.gurkenlabs.litiengine.resources.Maps.load(Maps.java:112)
	at de.gurkenlabs.litiengine.resources.Maps.load(Maps.java:32)
	at de.gurkenlabs.litiengine.resources.ResourcesContainer.loadResource(ResourcesContainer.java:389)
	... 7 more
Caused by: javax.xml.bind.UnmarshalException
 - with linked exception:
[java.io.FileNotFoundException: C:\Users\parke\IdeaProjects\SortingGui\MainScreen (The system cannot find the file specified)]
	at com.sun.xml.bind.v2.runtime.unmarshaller.UnmarshallerImpl.unmarshal0(UnmarshallerImpl.java:231)
	at com.sun.xml.bind.v2.runtime.unmarshaller.UnmarshallerImpl.unmarshal(UnmarshallerImpl.java:199)
	at javax.xml.bind.helpers.AbstractUnmarshallerImpl.unmarshal(AbstractUnmarshallerImpl.java:170)
	at javax.xml.bind.helpers.AbstractUnmarshallerImpl.unmarshal(AbstractUnmarshallerImpl.java:175)
	at javax.xml.bind.helpers.AbstractUnmarshallerImpl.unmarshal(AbstractUnmarshallerImpl.java:184)
	at de.gurkenlabs.litiengine.util.io.XmlUtilities.read(XmlUtilities.java:99)
	at de.gurkenlabs.litiengine.resources.Maps.load(Maps.java:110)
	... 9 more
Caused by: java.io.FileNotFoundException: C:\Users\parke\IdeaProjects\SortingGui\MainScreen (The system cannot find the file specified)
	at java.base/java.io.FileInputStream.open0(Native Method)
	at java.base/java.io.FileInputStream.open(FileInputStream.java:211)
	at java.base/java.io.FileInputStream.<init>(FileInputStream.java:153)
	at java.base/java.io.FileInputStream.<init>(FileInputStream.java:108)
	at java.base/sun.net.www.protocol.file.FileURLConnection.connect(FileURLConnection.java:86)
	at java.base/sun.net.www.protocol.file.FileURLConnection.getInputStream(FileURLConnection.java:189)
	at java.xml/com.sun.org.apache.xerces.internal.impl.XMLEntityManager.setupCurrentEntity(XMLEntityManager.java:652)
	at java.xml/com.sun.org.apache.xerces.internal.impl.XMLVersionDetector.determineDocVersion(XMLVersionDetector.java:150)
	at java.xml/com.sun.org.apache.xerces.internal.parsers.XML11Configuration.parse(XML11Configuration.java:860)
	at java.xml/com.sun.org.apache.xerces.internal.parsers.XML11Configuration.parse(XML11Configuration.java:824)
	at java.xml/com.sun.org.apache.xerces.internal.parsers.XMLParser.parse(XMLParser.java:141)
	at java.xml/com.sun.org.apache.xerces.internal.parsers.AbstractSAXParser.parse(AbstractSAXParser.java:1224)
	at java.xml/com.sun.org.apache.xerces.internal.jaxp.SAXParserImpl$JAXPSAXParser.parse(SAXParserImpl.java:635)
	at com.sun.xml.bind.v2.runtime.unmarshaller.UnmarshallerImpl.unmarshal0(UnmarshallerImpl.java:228)
	... 15 more

Feb 07, 2022 11:16:03 PM de.gurkenlabs.litiengine.DefaultUncaughtExceptionHandler uncaughtException
SEVERE: Game crashed! :(
de.gurkenlabs.litiengine.resources.ResourceLoadException: de.gurkenlabs.litiengine.environment.tilemap.xml.TmxException
	at de.gurkenlabs.litiengine.resources.ResourcesContainer.loadResource(ResourcesContainer.java:391)
	at java.base/java.util.concurrent.ConcurrentHashMap.computeIfAbsent(ConcurrentHashMap.java:1708)
	at de.gurkenlabs.litiengine.resources.ResourcesContainer.get(ResourcesContainer.java:273)
	at de.gurkenlabs.litiengine.resources.ResourcesContainer.get(ResourcesContainer.java:207)
	at de.gurkenlabs.litiengine.environment.GameWorld.getEnvironment(GameWorld.java:316)
	at de.gurkenlabs.litiengine.environment.GameWorld.loadEnvironment(GameWorld.java:421)
	at SortingGui.main(SortingGui.java:12)
	at MainKt.main(Main.kt:6)
Caused by: de.gurkenlabs.litiengine.environment.tilemap.xml.TmxException
	at de.gurkenlabs.litiengine.resources.Maps.load(Maps.java:112)
	at de.gurkenlabs.litiengine.resources.Maps.load(Maps.java:32)
	at de.gurkenlabs.litiengine.resources.ResourcesContainer.loadResource(ResourcesContainer.java:389)
	... 7 more
Caused by: javax.xml.bind.UnmarshalException
 - with linked exception:
[java.io.FileNotFoundException: C:\Users\parke\IdeaProjects\SortingGui\MainScreen (The system cannot find the file specified)]
	at com.sun.xml.bind.v2.runtime.unmarshaller.UnmarshallerImpl.unmarshal0(UnmarshallerImpl.java:231)
	at com.sun.xml.bind.v2.runtime.unmarshaller.UnmarshallerImpl.unmarshal(UnmarshallerImpl.java:199)
	at javax.xml.bind.helpers.AbstractUnmarshallerImpl.unmarshal(AbstractUnmarshallerImpl.java:170)
	at javax.xml.bind.helpers.AbstractUnmarshallerImpl.unmarshal(AbstractUnmarshallerImpl.java:175)
	at javax.xml.bind.helpers.AbstractUnmarshallerImpl.unmarshal(AbstractUnmarshallerImpl.java:184)
	at de.gurkenlabs.litiengine.util.io.XmlUtilities.read(XmlUtilities.java:99)
	at de.gurkenlabs.litiengine.resources.Maps.load(Maps.java:110)
	... 9 more
Caused by: java.io.FileNotFoundException: C:\Users\parke\IdeaProjects\SortingGui\MainScreen (The system cannot find the file specified)
	at java.base/java.io.FileInputStream.open0(Native Method)
	at java.base/java.io.FileInputStream.open(FileInputStream.java:211)
	at java.base/java.io.FileInputStream.<init>(FileInputStream.java:153)
	at java.base/java.io.FileInputStream.<init>(FileInputStream.java:108)
	at java.base/sun.net.www.protocol.file.FileURLConnection.connect(FileURLConnection.java:86)
	at java.base/sun.net.www.protocol.file.FileURLConnection.getInputStream(FileURLConnection.java:189)
	at java.xml/com.sun.org.apache.xerces.internal.impl.XMLEntityManager.setupCurrentEntity(XMLEntityManager.java:652)
	at java.xml/com.sun.org.apache.xerces.internal.impl.XMLVersionDetector.determineDocVersion(XMLVersionDetector.java:150)
	at java.xml/com.sun.org.apache.xerces.internal.parsers.XML11Configuration.parse(XML11Configuration.java:860)
	at java.xml/com.sun.org.apache.xerces.internal.parsers.XML11Configuration.parse(XML11Configuration.java:824)
	at java.xml/com.sun.org.apache.xerces.internal.parsers.XMLParser.parse(XMLParser.java:141)
	at java.xml/com.sun.org.apache.xerces.internal.parsers.AbstractSAXParser.parse(AbstractSAXParser.java:1224)
	at java.xml/com.sun.org.apache.xerces.internal.jaxp.SAXParserImpl$JAXPSAXParser.parse(SAXParserImpl.java:635)
	at com.sun.xml.bind.v2.runtime.unmarshaller.UnmarshallerImpl.unmarshal0(UnmarshallerImpl.java:228)
	... 15 more

Feb 07, 2022 11:16:58 PM de.gurkenlabs.litiengine.DefaultUncaughtExceptionHandler uncaughtException
SEVERE: Game crashed! :(
de.gurkenlabs.litiengine.resources.ResourceLoadException: de.gurkenlabs.litiengine.environment.tilemap.xml.TmxException: unexpected element (uri:"", local:"litidata"). Expected elements are <{}chunk>,<{}map>,<{}tileset>
	at de.gurkenlabs.litiengine.resources.ResourcesContainer.loadResource(ResourcesContainer.java:391)
	at java.base/java.util.concurrent.ConcurrentHashMap.computeIfAbsent(ConcurrentHashMap.java:1708)
	at de.gurkenlabs.litiengine.resources.ResourcesContainer.get(ResourcesContainer.java:273)
	at de.gurkenlabs.litiengine.resources.ResourcesContainer.get(ResourcesContainer.java:207)
	at de.gurkenlabs.litiengine.environment.GameWorld.getEnvironment(GameWorld.java:316)
	at de.gurkenlabs.litiengine.environment.GameWorld.loadEnvironment(GameWorld.java:421)
	at SortingGui.main(SortingGui.java:12)
	at MainKt.main(Main.kt:6)
Caused by: de.gurkenlabs.litiengine.environment.tilemap.xml.TmxException: unexpected element (uri:"", local:"litidata"). Expected elements are <{}chunk>,<{}map>,<{}tileset>
	at de.gurkenlabs.litiengine.resources.Maps.load(Maps.java:112)
	at de.gurkenlabs.litiengine.resources.Maps.load(Maps.java:32)
	at de.gurkenlabs.litiengine.resources.ResourcesContainer.loadResource(ResourcesContainer.java:389)
	... 7 more
Caused by: javax.xml.bind.UnmarshalException: unexpected element (uri:"", local:"litidata"). Expected elements are <{}chunk>,<{}map>,<{}tileset>
	at com.sun.xml.bind.v2.runtime.unmarshaller.UnmarshallingContext.handleEvent(UnmarshallingContext.java:714)
	at com.sun.xml.bind.v2.runtime.unmarshaller.Loader.reportError(Loader.java:232)
	at com.sun.xml.bind.v2.runtime.unmarshaller.Loader.reportError(Loader.java:227)
	at com.sun.xml.bind.v2.runtime.unmarshaller.Loader.reportUnexpectedChildElement(Loader.java:94)
	at com.sun.xml.bind.v2.runtime.unmarshaller.UnmarshallingContext$DefaultRootLoader.childElement(UnmarshallingContext.java:1119)
	at com.sun.xml.bind.v2.runtime.unmarshaller.UnmarshallingContext._startElement(UnmarshallingContext.java:544)
	at com.sun.xml.bind.v2.runtime.unmarshaller.UnmarshallingContext.startElement(UnmarshallingContext.java:526)
	at com.sun.xml.bind.v2.runtime.unmarshaller.SAXConnector.startElement(SAXConnector.java:138)
	at java.xml/com.sun.org.apache.xerces.internal.parsers.AbstractSAXParser.startElement(AbstractSAXParser.java:518)
	at java.xml/com.sun.org.apache.xerces.internal.impl.XMLNSDocumentScannerImpl.scanStartElement(XMLNSDocumentScannerImpl.java:374)
	at java.xml/com.sun.org.apache.xerces.internal.impl.XMLNSDocumentScannerImpl$NSContentDriver.scanRootElementHook(XMLNSDocumentScannerImpl.java:613)
	at java.xml/com.sun.org.apache.xerces.internal.impl.XMLDocumentFragmentScannerImpl$FragmentContentDriver.next(XMLDocumentFragmentScannerImpl.java:3078)
	at java.xml/com.sun.org.apache.xerces.internal.impl.XMLDocumentScannerImpl$PrologDriver.next(XMLDocumentScannerImpl.java:836)
	at java.xml/com.sun.org.apache.xerces.internal.impl.XMLDocumentScannerImpl.next(XMLDocumentScannerImpl.java:605)
	at java.xml/com.sun.org.apache.xerces.internal.impl.XMLNSDocumentScannerImpl.next(XMLNSDocumentScannerImpl.java:112)
	at java.xml/com.sun.org.apache.xerces.internal.impl.XMLDocumentFragmentScannerImpl.scanDocument(XMLDocumentFragmentScannerImpl.java:541)
	at java.xml/com.sun.org.apache.xerces.internal.parsers.XML11Configuration.parse(XML11Configuration.java:888)
	at java.xml/com.sun.org.apache.xerces.internal.parsers.XML11Configuration.parse(XML11Configuration.java:824)
	at java.xml/com.sun.org.apache.xerces.internal.parsers.XMLParser.parse(XMLParser.java:141)
	at java.xml/com.sun.org.apache.xerces.internal.parsers.AbstractSAXParser.parse(AbstractSAXParser.java:1224)
	at java.xml/com.sun.org.apache.xerces.internal.jaxp.SAXParserImpl$JAXPSAXParser.parse(SAXParserImpl.java:635)
	at com.sun.xml.bind.v2.runtime.unmarshaller.UnmarshallerImpl.unmarshal0(UnmarshallerImpl.java:228)
	at com.sun.xml.bind.v2.runtime.unmarshaller.UnmarshallerImpl.unmarshal(UnmarshallerImpl.java:199)
	at javax.xml.bind.helpers.AbstractUnmarshallerImpl.unmarshal(AbstractUnmarshallerImpl.java:170)
	at javax.xml.bind.helpers.AbstractUnmarshallerImpl.unmarshal(AbstractUnmarshallerImpl.java:175)
	at javax.xml.bind.helpers.AbstractUnmarshallerImpl.unmarshal(AbstractUnmarshallerImpl.java:184)
	at de.gurkenlabs.litiengine.util.io.XmlUtilities.read(XmlUtilities.java:99)
	at de.gurkenlabs.litiengine.resources.Maps.load(Maps.java:110)
	... 9 more

Feb 07, 2022 11:17:53 PM de.gurkenlabs.litiengine.DefaultUncaughtExceptionHandler uncaughtException
SEVERE: Game crashed! :(
de.gurkenlabs.litiengine.resources.ResourceLoadException: de.gurkenlabs.litiengine.environment.tilemap.xml.TmxException
	at de.gurkenlabs.litiengine.resources.ResourcesContainer.loadResource(ResourcesContainer.java:391)
	at java.base/java.util.concurrent.ConcurrentHashMap.computeIfAbsent(ConcurrentHashMap.java:1708)
	at de.gurkenlabs.litiengine.resources.ResourcesContainer.get(ResourcesContainer.java:273)
	at de.gurkenlabs.litiengine.resources.ResourcesContainer.get(ResourcesContainer.java:207)
	at de.gurkenlabs.litiengine.environment.GameWorld.getEnvironment(GameWorld.java:316)
	at de.gurkenlabs.litiengine.environment.GameWorld.loadEnvironment(GameWorld.java:421)
	at SortingGui.main(SortingGui.java:12)
	at MainKt.main(Main.kt:6)
Caused by: de.gurkenlabs.litiengine.environment.tilemap.xml.TmxException
	at de.gurkenlabs.litiengine.resources.Maps.load(Maps.java:112)
	at de.gurkenlabs.litiengine.resources.Maps.load(Maps.java:32)
	at de.gurkenlabs.litiengine.resources.ResourcesContainer.loadResource(ResourcesContainer.java:389)
	... 7 more
Caused by: javax.xml.bind.UnmarshalException
 - with linked exception:
[org.xml.sax.SAXParseException; systemId: file:/C:/Users/parke/IdeaProjects/SortingGui/build/classes/java/main/gui; lineNumber: 1; columnNumber: 1; Content is not allowed in prolog.]
	at javax.xml.bind.helpers.AbstractUnmarshallerImpl.createUnmarshalException(AbstractUnmarshallerImpl.java:340)
	at com.sun.xml.bind.v2.runtime.unmarshaller.UnmarshallerImpl.createUnmarshalException(UnmarshallerImpl.java:548)
	at com.sun.xml.bind.v2.runtime.unmarshaller.UnmarshallerImpl.unmarshal0(UnmarshallerImpl.java:234)
	at com.sun.xml.bind.v2.runtime.unmarshaller.UnmarshallerImpl.unmarshal(UnmarshallerImpl.java:199)
	at javax.xml.bind.helpers.AbstractUnmarshallerImpl.unmarshal(AbstractUnmarshallerImpl.java:170)
	at javax.xml.bind.helpers.AbstractUnmarshallerImpl.unmarshal(AbstractUnmarshallerImpl.java:175)
	at javax.xml.bind.helpers.AbstractUnmarshallerImpl.unmarshal(AbstractUnmarshallerImpl.java:184)
	at de.gurkenlabs.litiengine.util.io.XmlUtilities.read(XmlUtilities.java:99)
	at de.gurkenlabs.litiengine.resources.Maps.load(Maps.java:110)
	... 9 more
Caused by: org.xml.sax.SAXParseException; systemId: file:/C:/Users/parke/IdeaProjects/SortingGui/build/classes/java/main/gui; lineNumber: 1; columnNumber: 1; Content is not allowed in prolog.
	at java.xml/com.sun.org.apache.xerces.internal.util.ErrorHandlerWrapper.createSAXParseException(ErrorHandlerWrapper.java:204)
	at java.xml/com.sun.org.apache.xerces.internal.util.ErrorHandlerWrapper.fatalError(ErrorHandlerWrapper.java:178)
	at java.xml/com.sun.org.apache.xerces.internal.impl.XMLErrorReporter.reportError(XMLErrorReporter.java:400)
	at java.xml/com.sun.org.apache.xerces.internal.impl.XMLErrorReporter.reportError(XMLErrorReporter.java:327)
	at java.xml/com.sun.org.apache.xerces.internal.impl.XMLScanner.reportFatalError(XMLScanner.java:1471)
	at java.xml/com.sun.org.apache.xerces.internal.impl.XMLDocumentScannerImpl$PrologDriver.next(XMLDocumentScannerImpl.java:978)
	at java.xml/com.sun.org.apache.xerces.internal.impl.XMLDocumentScannerImpl.next(XMLDocumentScannerImpl.java:605)
	at java.xml/com.sun.org.apache.xerces.internal.impl.XMLNSDocumentScannerImpl.next(XMLNSDocumentScannerImpl.java:112)
	at java.xml/com.sun.org.apache.xerces.internal.impl.XMLDocumentFragmentScannerImpl.scanDocument(XMLDocumentFragmentScannerImpl.java:541)
	at java.xml/com.sun.org.apache.xerces.internal.parsers.XML11Configuration.parse(XML11Configuration.java:888)
	at java.xml/com.sun.org.apache.xerces.internal.parsers.XML11Configuration.parse(XML11Configuration.java:824)
	at java.xml/com.sun.org.apache.xerces.internal.parsers.XMLParser.parse(XMLParser.java:141)
	at java.xml/com.sun.org.apache.xerces.internal.parsers.AbstractSAXParser.parse(AbstractSAXParser.java:1224)
	at java.xml/com.sun.org.apache.xerces.internal.jaxp.SAXParserImpl$JAXPSAXParser.parse(SAXParserImpl.java:635)
	at com.sun.xml.bind.v2.runtime.unmarshaller.UnmarshallerImpl.unmarshal0(UnmarshallerImpl.java:228)
	... 15 more

Feb 07, 2022 11:18:55 PM de.gurkenlabs.litiengine.DefaultUncaughtExceptionHandler uncaughtException
SEVERE: Game crashed! :(
de.gurkenlabs.litiengine.resources.ResourceLoadException: de.gurkenlabs.litiengine.environment.tilemap.xml.TmxException
	at de.gurkenlabs.litiengine.resources.ResourcesContainer.loadResource(ResourcesContainer.java:391)
	at java.base/java.util.concurrent.ConcurrentHashMap.computeIfAbsent(ConcurrentHashMap.java:1708)
	at de.gurkenlabs.litiengine.resources.ResourcesContainer.get(ResourcesContainer.java:273)
	at de.gurkenlabs.litiengine.resources.ResourcesContainer.get(ResourcesContainer.java:207)
	at de.gurkenlabs.litiengine.environment.GameWorld.getEnvironment(GameWorld.java:316)
	at de.gurkenlabs.litiengine.environment.GameWorld.loadEnvironment(GameWorld.java:421)
	at SortingGui.main(SortingGui.java:12)
	at MainKt.main(Main.kt:6)
Caused by: de.gurkenlabs.litiengine.environment.tilemap.xml.TmxException
	at de.gurkenlabs.litiengine.resources.Maps.load(Maps.java:112)
	at de.gurkenlabs.litiengine.resources.Maps.load(Maps.java:32)
	at de.gurkenlabs.litiengine.resources.ResourcesContainer.loadResource(ResourcesContainer.java:389)
	... 7 more
Caused by: javax.xml.bind.UnmarshalException
 - with linked exception:
[org.xml.sax.SAXParseException; systemId: file:/C:/Users/parke/IdeaProjects/SortingGui/build/classes/java/main/gui; lineNumber: 1; columnNumber: 1; Content is not allowed in prolog.]
	at javax.xml.bind.helpers.AbstractUnmarshallerImpl.createUnmarshalException(AbstractUnmarshallerImpl.java:340)
	at com.sun.xml.bind.v2.runtime.unmarshaller.UnmarshallerImpl.createUnmarshalException(UnmarshallerImpl.java:548)
	at com.sun.xml.bind.v2.runtime.unmarshaller.UnmarshallerImpl.unmarshal0(UnmarshallerImpl.java:234)
	at com.sun.xml.bind.v2.runtime.unmarshaller.UnmarshallerImpl.unmarshal(UnmarshallerImpl.java:199)
	at javax.xml.bind.helpers.AbstractUnmarshallerImpl.unmarshal(AbstractUnmarshallerImpl.java:170)
	at javax.xml.bind.helpers.AbstractUnmarshallerImpl.unmarshal(AbstractUnmarshallerImpl.java:175)
	at javax.xml.bind.helpers.AbstractUnmarshallerImpl.unmarshal(AbstractUnmarshallerImpl.java:184)
	at de.gurkenlabs.litiengine.util.io.XmlUtilities.read(XmlUtilities.java:99)
	at de.gurkenlabs.litiengine.resources.Maps.load(Maps.java:110)
	... 9 more
Caused by: org.xml.sax.SAXParseException; systemId: file:/C:/Users/parke/IdeaProjects/SortingGui/build/classes/java/main/gui; lineNumber: 1; columnNumber: 1; Content is not allowed in prolog.
	at java.xml/com.sun.org.apache.xerces.internal.util.ErrorHandlerWrapper.createSAXParseException(ErrorHandlerWrapper.java:204)
	at java.xml/com.sun.org.apache.xerces.internal.util.ErrorHandlerWrapper.fatalError(ErrorHandlerWrapper.java:178)
	at java.xml/com.sun.org.apache.xerces.internal.impl.XMLErrorReporter.reportError(XMLErrorReporter.java:400)
	at java.xml/com.sun.org.apache.xerces.internal.impl.XMLErrorReporter.reportError(XMLErrorReporter.java:327)
	at java.xml/com.sun.org.apache.xerces.internal.impl.XMLScanner.reportFatalError(XMLScanner.java:1471)
	at java.xml/com.sun.org.apache.xerces.internal.impl.XMLDocumentScannerImpl$PrologDriver.next(XMLDocumentScannerImpl.java:978)
	at java.xml/com.sun.org.apache.xerces.internal.impl.XMLDocumentScannerImpl.next(XMLDocumentScannerImpl.java:605)
	at java.xml/com.sun.org.apache.xerces.internal.impl.XMLNSDocumentScannerImpl.next(XMLNSDocumentScannerImpl.java:112)
	at java.xml/com.sun.org.apache.xerces.internal.impl.XMLDocumentFragmentScannerImpl.scanDocument(XMLDocumentFragmentScannerImpl.java:541)
	at java.xml/com.sun.org.apache.xerces.internal.parsers.XML11Configuration.parse(XML11Configuration.java:888)
	at java.xml/com.sun.org.apache.xerces.internal.parsers.XML11Configuration.parse(XML11Configuration.java:824)
	at java.xml/com.sun.org.apache.xerces.internal.parsers.XMLParser.parse(XMLParser.java:141)
	at java.xml/com.sun.org.apache.xerces.internal.parsers.AbstractSAXParser.parse(AbstractSAXParser.java:1224)
	at java.xml/com.sun.org.apache.xerces.internal.jaxp.SAXParserImpl$JAXPSAXParser.parse(SAXParserImpl.java:635)
	at com.sun.xml.bind.v2.runtime.unmarshaller.UnmarshallerImpl.unmarshal0(UnmarshallerImpl.java:228)
	... 15 more

Feb 07, 2022 11:19:35 PM de.gurkenlabs.litiengine.DefaultUncaughtExceptionHandler uncaughtException
SEVERE: Game crashed! :(
de.gurkenlabs.litiengine.resources.ResourceLoadException: de.gurkenlabs.litiengine.environment.tilemap.xml.TmxException
	at de.gurkenlabs.litiengine.resources.ResourcesContainer.loadResource(ResourcesContainer.java:391)
	at java.base/java.util.concurrent.ConcurrentHashMap.computeIfAbsent(ConcurrentHashMap.java:1708)
	at de.gurkenlabs.litiengine.resources.ResourcesContainer.get(ResourcesContainer.java:273)
	at de.gurkenlabs.litiengine.resources.ResourcesContainer.get(ResourcesContainer.java:207)
	at de.gurkenlabs.litiengine.environment.GameWorld.getEnvironment(GameWorld.java:316)
	at de.gurkenlabs.litiengine.environment.GameWorld.loadEnvironment(GameWorld.java:421)
	at SortingGui.main(SortingGui.java:12)
	at MainKt.main(Main.kt:6)
Caused by: de.gurkenlabs.litiengine.environment.tilemap.xml.TmxException
	at de.gurkenlabs.litiengine.resources.Maps.load(Maps.java:112)
	at de.gurkenlabs.litiengine.resources.Maps.load(Maps.java:32)
	at de.gurkenlabs.litiengine.resources.ResourcesContainer.loadResource(ResourcesContainer.java:389)
	... 7 more
Caused by: javax.xml.bind.UnmarshalException
 - with linked exception:
[org.xml.sax.SAXParseException; systemId: file:/C:/Users/parke/IdeaProjects/SortingGui/build/classes/java/main/gui; lineNumber: 1; columnNumber: 1; Content is not allowed in prolog.]
	at javax.xml.bind.helpers.AbstractUnmarshallerImpl.createUnmarshalException(AbstractUnmarshallerImpl.java:340)
	at com.sun.xml.bind.v2.runtime.unmarshaller.UnmarshallerImpl.createUnmarshalException(UnmarshallerImpl.java:548)
	at com.sun.xml.bind.v2.runtime.unmarshaller.UnmarshallerImpl.unmarshal0(UnmarshallerImpl.java:234)
	at com.sun.xml.bind.v2.runtime.unmarshaller.UnmarshallerImpl.unmarshal(UnmarshallerImpl.java:199)
	at javax.xml.bind.helpers.AbstractUnmarshallerImpl.unmarshal(AbstractUnmarshallerImpl.java:170)
	at javax.xml.bind.helpers.AbstractUnmarshallerImpl.unmarshal(AbstractUnmarshallerImpl.java:175)
	at javax.xml.bind.helpers.AbstractUnmarshallerImpl.unmarshal(AbstractUnmarshallerImpl.java:184)
	at de.gurkenlabs.litiengine.util.io.XmlUtilities.read(XmlUtilities.java:99)
	at de.gurkenlabs.litiengine.resources.Maps.load(Maps.java:110)
	... 9 more
Caused by: org.xml.sax.SAXParseException; systemId: file:/C:/Users/parke/IdeaProjects/SortingGui/build/classes/java/main/gui; lineNumber: 1; columnNumber: 1; Content is not allowed in prolog.
	at java.xml/com.sun.org.apache.xerces.internal.util.ErrorHandlerWrapper.createSAXParseException(ErrorHandlerWrapper.java:204)
	at java.xml/com.sun.org.apache.xerces.internal.util.ErrorHandlerWrapper.fatalError(ErrorHandlerWrapper.java:178)
	at java.xml/com.sun.org.apache.xerces.internal.impl.XMLErrorReporter.reportError(XMLErrorReporter.java:400)
	at java.xml/com.sun.org.apache.xerces.internal.impl.XMLErrorReporter.reportError(XMLErrorReporter.java:327)
	at java.xml/com.sun.org.apache.xerces.internal.impl.XMLScanner.reportFatalError(XMLScanner.java:1471)
	at java.xml/com.sun.org.apache.xerces.internal.impl.XMLDocumentScannerImpl$PrologDriver.next(XMLDocumentScannerImpl.java:978)
	at java.xml/com.sun.org.apache.xerces.internal.impl.XMLDocumentScannerImpl.next(XMLDocumentScannerImpl.java:605)
	at java.xml/com.sun.org.apache.xerces.internal.impl.XMLNSDocumentScannerImpl.next(XMLNSDocumentScannerImpl.java:112)
	at java.xml/com.sun.org.apache.xerces.internal.impl.XMLDocumentFragmentScannerImpl.scanDocument(XMLDocumentFragmentScannerImpl.java:541)
	at java.xml/com.sun.org.apache.xerces.internal.parsers.XML11Configuration.parse(XML11Configuration.java:888)
	at java.xml/com.sun.org.apache.xerces.internal.parsers.XML11Configuration.parse(XML11Configuration.java:824)
	at java.xml/com.sun.org.apache.xerces.internal.parsers.XMLParser.parse(XMLParser.java:141)
	at java.xml/com.sun.org.apache.xerces.internal.parsers.AbstractSAXParser.parse(AbstractSAXParser.java:1224)
	at java.xml/com.sun.org.apache.xerces.internal.jaxp.SAXParserImpl$JAXPSAXParser.parse(SAXParserImpl.java:635)
	at com.sun.xml.bind.v2.runtime.unmarshaller.UnmarshallerImpl.unmarshal0(UnmarshallerImpl.java:228)
	... 15 more

